<?xml version="1.0" encoding="UTF-8"?>
<Site BuildName="(empty)"
	BuildStamp="20240828-1152-Experimental"
	Name="Dell"
	Generator="ctest-3.22.1"
	CompilerName="/usr/bin/g++"
	CompilerVersion="11.4.0"
	OSName="Linux"
	Hostname="Dell"
	OSRelease="5.15.153.1-microsoft-standard-WSL2"
	OSVersion="#1 SMP Fri Mar 29 23:14:13 UTC 2024"
	OSPlatform="x86_64"
	Is64Bits="1"
	VendorString="GenuineIntel"
	VendorID="Intel Corporation"
	FamilyID="6"
	ModelID="158"
	ProcessorCacheSize="12288"
	NumberOfLogicalCPU="6"
	NumberOfPhysicalCPU="6"
	TotalVirtualMemory="4096"
	TotalPhysicalMemory="15874"
	LogicalProcessorsPerPhysical="1"
	ProcessorClockFrequency="2808.01"
	>
	<Testing>
		<StartDateTime>Aug 29 00:00 AEST</StartDateTime>
		<StartTestTime>1724853612</StartTestTime>
		<TestList/>
		<EndDateTime>Aug 29 00:00 AEST</EndDateTime>
		<EndTestTime>1724853612</EndTestTime>
		<ElapsedMinutes>0</ElapsedMinutes>
	</Testing>
</Site>
